Performing C++ SOURCE FILE Test CMAKE_HAVE_LIBC_PTHREAD failed with the following output:
Change Dir: /home/mahmoud/arm_test/build/CMakeFiles/CMakeTmp

Run Build Command(s):/usr/bin/make cmTC_3f5ad/fast && /usr/bin/make -f CMakeFiles/cmTC_3f5ad.dir/build.make CMakeFiles/cmTC_3f5ad.dir/build
make[1]: Entering directory '/home/mahmoud/arm_test/build/CMakeFiles/CMakeTmp'
Building CXX object CMakeFiles/cmTC_3f5ad.dir/src.cxx.o
/usr/bin/arm-linux-gnueabi-g++    -DCMAKE_HAVE_LIBC_PTHREAD   -o CMakeFiles/cmTC_3f5ad.dir/src.cxx.o -c /home/mahmoud/arm_test/build/CMakeFiles/CMakeTmp/src.cxx
Linking CXX executable cmTC_3f5ad
/usr/bin/cmake -E cmake_link_script CMakeFiles/cmTC_3f5ad.dir/link.txt --verbose=1
/usr/bin/arm-linux-gnueabi-g++   -DCMAKE_HAVE_LIBC_PTHREAD    CMakeFiles/cmTC_3f5ad.dir/src.cxx.o  -o cmTC_3f5ad 
/usr/lib/gcc-cross/arm-linux-gnueabi/9/../../../../arm-linux-gnueabi/bin/ld: CMakeFiles/cmTC_3f5ad.dir/src.cxx.o: in function `main':
src.cxx:(.text+0x50): undefined reference to `pthread_create'
/usr/lib/gcc-cross/arm-linux-gnueabi/9/../../../../arm-linux-gnueabi/bin/ld: src.cxx:(.text+0x5c): undefined reference to `pthread_detach'
/usr/lib/gcc-cross/arm-linux-gnueabi/9/../../../../arm-linux-gnueabi/bin/ld: src.cxx:(.text+0x6c): undefined reference to `pthread_join'
collect2: error: ld returned 1 exit status
make[1]: *** [CMakeFiles/cmTC_3f5ad.dir/build.make:87: cmTC_3f5ad] Error 1
make[1]: Leaving directory '/home/mahmoud/arm_test/build/CMakeFiles/CMakeTmp'
make: *** [Makefile:121: cmTC_3f5ad/fast] Error 2


Source file was:
#include <pthread.h>

void* test_func(void* data)
{
  return data;
}

int main(void)
{
  pthread_t thread;
  pthread_create(&thread, NULL, test_func, NULL);
  pthread_detach(thread);
  pthread_join(thread, NULL);
  pthread_atfork(NULL, NULL, NULL);
  pthread_exit(NULL);

  return 0;
}

Determining if the function pthread_create exists in the pthreads failed with the following output:
Change Dir: /home/mahmoud/arm_test/build/CMakeFiles/CMakeTmp

Run Build Command(s):/usr/bin/make cmTC_b7c1e/fast && /usr/bin/make -f CMakeFiles/cmTC_b7c1e.dir/build.make CMakeFiles/cmTC_b7c1e.dir/build
make[1]: Entering directory '/home/mahmoud/arm_test/build/CMakeFiles/CMakeTmp'
Building CXX object CMakeFiles/cmTC_b7c1e.dir/CheckFunctionExists.cxx.o
/usr/bin/arm-linux-gnueabi-g++    -DCHECK_FUNCTION_EXISTS=pthread_create   -o CMakeFiles/cmTC_b7c1e.dir/CheckFunctionExists.cxx.o -c /home/mahmoud/arm_test/build/CMakeFiles/CheckLibraryExists/CheckFunctionExists.cxx
Linking CXX executable cmTC_b7c1e
/usr/bin/cmake -E cmake_link_script CMakeFiles/cmTC_b7c1e.dir/link.txt --verbose=1
/usr/bin/arm-linux-gnueabi-g++   -DCHECK_FUNCTION_EXISTS=pthread_create    CMakeFiles/cmTC_b7c1e.dir/CheckFunctionExists.cxx.o  -o cmTC_b7c1e  -lpthreads 
/usr/lib/gcc-cross/arm-linux-gnueabi/9/../../../../arm-linux-gnueabi/bin/ld: cannot find -lpthreads
collect2: error: ld returned 1 exit status
make[1]: *** [CMakeFiles/cmTC_b7c1e.dir/build.make:87: cmTC_b7c1e] Error 1
make[1]: Leaving directory '/home/mahmoud/arm_test/build/CMakeFiles/CMakeTmp'
make: *** [Makefile:121: cmTC_b7c1e/fast] Error 2



