The target system is: Linux -  - arm
The host system is: Linux - 5.15.0-52-generic - x86_64
Compiling the CXX compiler identification source file "CMakeCXXCompilerId.cpp" succeeded.
Compiler: /usr/bin/arm-linux-gnueabi-g++ 
Build flags: 
Id flags:  

The output was:
0


Compilation of the CXX compiler identification source "CMakeCXXCompilerId.cpp" produced "a.out"

The CXX compiler identification is GNU, found in "/home/mahmoud/arm_test/build/CMakeFiles/3.16.3/CompilerIdCXX/a.out"

Determining if the CXX compiler works passed with the following output:
Change Dir: /home/mahmoud/arm_test/build/CMakeFiles/CMakeTmp

Run Build Command(s):/usr/bin/make cmTC_19876/fast && /usr/bin/make -f CMakeFiles/cmTC_19876.dir/build.make CMakeFiles/cmTC_19876.dir/build
make[1]: Entering directory '/home/mahmoud/arm_test/build/CMakeFiles/CMakeTmp'
Building CXX object CMakeFiles/cmTC_19876.dir/testCXXCompiler.cxx.o
/usr/bin/arm-linux-gnueabi-g++     -o CMakeFiles/cmTC_19876.dir/testCXXCompiler.cxx.o -c /home/mahmoud/arm_test/build/CMakeFiles/CMakeTmp/testCXXCompiler.cxx
Linking CXX executable cmTC_19876
/usr/bin/cmake -E cmake_link_script CMakeFiles/cmTC_19876.dir/link.txt --verbose=1
/usr/bin/arm-linux-gnueabi-g++       CMakeFiles/cmTC_19876.dir/testCXXCompiler.cxx.o  -o cmTC_19876 
make[1]: Leaving directory '/home/mahmoud/arm_test/build/CMakeFiles/CMakeTmp'



Detecting CXX compiler ABI info compiled with the following output:
Change Dir: /home/mahmoud/arm_test/build/CMakeFiles/CMakeTmp

Run Build Command(s):/usr/bin/make cmTC_9983a/fast && /usr/bin/make -f CMakeFiles/cmTC_9983a.dir/build.make CMakeFiles/cmTC_9983a.dir/build
make[1]: Entering directory '/home/mahmoud/arm_test/build/CMakeFiles/CMakeTmp'
Building CXX object CMakeFiles/cmTC_9983a.dir/CMakeCXXCompilerABI.cpp.o
/usr/bin/arm-linux-gnueabi-g++    -v -o CMakeFiles/cmTC_9983a.dir/CMakeCXXCompilerABI.cpp.o -c /usr/share/cmake-3.16/Modules/CMakeCXXCompilerABI.cpp
Using built-in specs.
COLLECT_GCC=/usr/bin/arm-linux-gnueabi-g++
Target: arm-linux-gnueabi
Configured with: ../src/configure -v --with-pkgversion='Ubuntu 9.4.0-1ubuntu1~20.04.1' --with-bugurl=file:///usr/share/doc/gcc-9/README.Bugs --enable-languages=c,ada,c++,go,d,fortran,objc,obj-c++,gm2 --prefix=/usr --with-gcc-major-version-only --program-suffix=-9 --enable-shared --enable-linker-build-id --libexecdir=/usr/lib --without-included-gettext --enable-threads=posix --libdir=/usr/lib --enable-nls --with-sysroot=/ --enable-clocale=gnu --enable-libstdcxx-debug --enable-libstdcxx-time=yes --with-default-libstdcxx-abi=new --enable-gnu-unique-object --disable-libitm --disable-libquadmath --disable-libquadmath-support --enable-plugin --with-system-zlib --without-target-system-zlib --enable-libpth-m2 --enable-multiarch --enable-multilib --disable-sjlj-exceptions --with-specs='%{mfloat-abi=hard:-march=armv7-a -mcpu=generic-armv7-a -mfloat-abi=hard}' --with-arch=armv5t --with-float=soft --disable-werror --enable-multilib --enable-checking=release --build=x86_64-linux-gnu --host=x86_64-linux-gnu --target=arm-linux-gnueabi --program-prefix=arm-linux-gnueabi- --includedir=/usr/arm-linux-gnueabi/include
Thread model: posix
gcc version 9.4.0 (Ubuntu 9.4.0-1ubuntu1~20.04.1) 
COLLECT_GCC_OPTIONS='-v' '-o' 'CMakeFiles/cmTC_9983a.dir/CMakeCXXCompilerABI.cpp.o' '-c' '-shared-libgcc'  '-mfloat-abi=soft' '-mtls-dialect=gnu' '-marm' '-march=armv5t'
 /usr/lib/gcc-cross/arm-linux-gnueabi/9/cc1plus -quiet -v -imultiarch arm-linux-gnueabi -D_GNU_SOURCE /usr/share/cmake-3.16/Modules/CMakeCXXCompilerABI.cpp -quiet -dumpbase CMakeCXXCompilerABI.cpp -mfloat-abi=soft -mtls-dialect=gnu -marm -march=armv5t -auxbase-strip CMakeFiles/cmTC_9983a.dir/CMakeCXXCompilerABI.cpp.o -version -fstack-protector-strong -Wformat -Wformat-security -o /tmp/ccroC0qi.s
GNU C++14 (Ubuntu 9.4.0-1ubuntu1~20.04.1) version 9.4.0 (arm-linux-gnueabi)
	compiled by GNU C version 9.4.0, GMP version 6.2.0, MPFR version 4.0.2, MPC version 1.1.0, isl version isl-0.22.1-GMP

GGC heuristics: --param ggc-min-expand=100 --param ggc-min-heapsize=131072
ignoring nonexistent directory "/usr/local/include/arm-linux-gnueabi"
ignoring nonexistent directory "/usr/lib/gcc-cross/arm-linux-gnueabi/9/include-fixed"
ignoring nonexistent directory "/usr/include/arm-linux-gnueabi"
#include "..." search starts here:
#include <...> search starts here:
 /usr/lib/gcc-cross/arm-linux-gnueabi/9/../../../../arm-linux-gnueabi/include/c++/9
 /usr/lib/gcc-cross/arm-linux-gnueabi/9/../../../../arm-linux-gnueabi/include/c++/9/arm-linux-gnueabi
 /usr/lib/gcc-cross/arm-linux-gnueabi/9/../../../../arm-linux-gnueabi/include/c++/9/backward
 /usr/lib/gcc-cross/arm-linux-gnueabi/9/include
 /usr/lib/gcc-cross/arm-linux-gnueabi/9/../../../../arm-linux-gnueabi/include
 /usr/include
End of search list.
GNU C++14 (Ubuntu 9.4.0-1ubuntu1~20.04.1) version 9.4.0 (arm-linux-gnueabi)
	compiled by GNU C version 9.4.0, GMP version 6.2.0, MPFR version 4.0.2, MPC version 1.1.0, isl version isl-0.22.1-GMP

GGC heuristics: --param ggc-min-expand=100 --param ggc-min-heapsize=131072
Compiler executable checksum: 1dd287fdaff421d7df57fad9dfe06d56
COLLECT_GCC_OPTIONS='-v' '-o' 'CMakeFiles/cmTC_9983a.dir/CMakeCXXCompilerABI.cpp.o' '-c' '-shared-libgcc'  '-mfloat-abi=soft' '-mtls-dialect=gnu' '-marm' '-march=armv5t'
 /usr/lib/gcc-cross/arm-linux-gnueabi/9/../../../../arm-linux-gnueabi/bin/as -v -march=armv5t -mfloat-abi=soft -meabi=5 -o CMakeFiles/cmTC_9983a.dir/CMakeCXXCompilerABI.cpp.o /tmp/ccroC0qi.s
GNU assembler version 2.34 (arm-linux-gnueabi) using BFD version (GNU Binutils for Ubuntu) 2.34
COMPILER_PATH=/usr/lib/gcc-cross/arm-linux-gnueabi/9/:/usr/lib/gcc-cross/arm-linux-gnueabi/9/:/usr/lib/gcc-cross/arm-linux-gnueabi/:/usr/lib/gcc-cross/arm-linux-gnueabi/9/:/usr/lib/gcc-cross/arm-linux-gnueabi/:/usr/lib/gcc-cross/arm-linux-gnueabi/9/../../../../arm-linux-gnueabi/bin/
LIBRARY_PATH=/usr/lib/gcc-cross/arm-linux-gnueabi/9/:/usr/lib/gcc-cross/arm-linux-gnueabi/9/../../../../arm-linux-gnueabi/lib/../lib/:/lib/arm-linux-gnueabi/:/lib/../lib/:/usr/lib/arm-linux-gnueabi/:/usr/lib/../lib/:/usr/lib/gcc-cross/arm-linux-gnueabi/9/../../../../arm-linux-gnueabi/lib/:/lib/:/usr/lib/
COLLECT_GCC_OPTIONS='-v' '-o' 'CMakeFiles/cmTC_9983a.dir/CMakeCXXCompilerABI.cpp.o' '-c' '-shared-libgcc'  '-mfloat-abi=soft' '-mtls-dialect=gnu' '-marm' '-march=armv5t'
Linking CXX executable cmTC_9983a
/usr/bin/cmake -E cmake_link_script CMakeFiles/cmTC_9983a.dir/link.txt --verbose=1
/usr/bin/arm-linux-gnueabi-g++      -v CMakeFiles/cmTC_9983a.dir/CMakeCXXCompilerABI.cpp.o  -o cmTC_9983a 
Using built-in specs.
COLLECT_GCC=/usr/bin/arm-linux-gnueabi-g++
COLLECT_LTO_WRAPPER=/usr/lib/gcc-cross/arm-linux-gnueabi/9/lto-wrapper
Target: arm-linux-gnueabi
Configured with: ../src/configure -v --with-pkgversion='Ubuntu 9.4.0-1ubuntu1~20.04.1' --with-bugurl=file:///usr/share/doc/gcc-9/README.Bugs --enable-languages=c,ada,c++,go,d,fortran,objc,obj-c++,gm2 --prefix=/usr --with-gcc-major-version-only --program-suffix=-9 --enable-shared --enable-linker-build-id --libexecdir=/usr/lib --without-included-gettext --enable-threads=posix --libdir=/usr/lib --enable-nls --with-sysroot=/ --enable-clocale=gnu --enable-libstdcxx-debug --enable-libstdcxx-time=yes --with-default-libstdcxx-abi=new --enable-gnu-unique-object --disable-libitm --disable-libquadmath --disable-libquadmath-support --enable-plugin --with-system-zlib --without-target-system-zlib --enable-libpth-m2 --enable-multiarch --enable-multilib --disable-sjlj-exceptions --with-specs='%{mfloat-abi=hard:-march=armv7-a -mcpu=generic-armv7-a -mfloat-abi=hard}' --with-arch=armv5t --with-float=soft --disable-werror --enable-multilib --enable-checking=release --build=x86_64-linux-gnu --host=x86_64-linux-gnu --target=arm-linux-gnueabi --program-prefix=arm-linux-gnueabi- --includedir=/usr/arm-linux-gnueabi/include
Thread model: posix
gcc version 9.4.0 (Ubuntu 9.4.0-1ubuntu1~20.04.1) 
COMPILER_PATH=/usr/lib/gcc-cross/arm-linux-gnueabi/9/:/usr/lib/gcc-cross/arm-linux-gnueabi/9/:/usr/lib/gcc-cross/arm-linux-gnueabi/:/usr/lib/gcc-cross/arm-linux-gnueabi/9/:/usr/lib/gcc-cross/arm-linux-gnueabi/:/usr/lib/gcc-cross/arm-linux-gnueabi/9/../../../../arm-linux-gnueabi/bin/
LIBRARY_PATH=/usr/lib/gcc-cross/arm-linux-gnueabi/9/:/usr/lib/gcc-cross/arm-linux-gnueabi/9/../../../../arm-linux-gnueabi/lib/../lib/:/lib/arm-linux-gnueabi/:/lib/../lib/:/usr/lib/arm-linux-gnueabi/:/usr/lib/../lib/:/usr/lib/gcc-cross/arm-linux-gnueabi/9/../../../../arm-linux-gnueabi/lib/:/lib/:/usr/lib/
COLLECT_GCC_OPTIONS='-v' '-o' 'cmTC_9983a' '-shared-libgcc'  '-mfloat-abi=soft' '-mtls-dialect=gnu' '-marm' '-march=armv5t'
 /usr/lib/gcc-cross/arm-linux-gnueabi/9/collect2 -plugin /usr/lib/gcc-cross/arm-linux-gnueabi/9/liblto_plugin.so -plugin-opt=/usr/lib/gcc-cross/arm-linux-gnueabi/9/lto-wrapper -plugin-opt=-fresolution=/tmp/ccoHm2MK.res -plugin-opt=-pass-through=-lgcc_s -plugin-opt=-pass-through=-lgcc -plugin-opt=-pass-through=-lc -plugin-opt=-pass-through=-lgcc_s -plugin-opt=-pass-through=-lgcc --sysroot=/ --build-id --eh-frame-hdr -dynamic-linker /lib/ld-linux.so.3 -X --hash-style=gnu --as-needed -m armelf_linux_eabi -z relro -o cmTC_9983a /usr/lib/gcc-cross/arm-linux-gnueabi/9/../../../../arm-linux-gnueabi/lib/../lib/crt1.o /usr/lib/gcc-cross/arm-linux-gnueabi/9/../../../../arm-linux-gnueabi/lib/../lib/crti.o /usr/lib/gcc-cross/arm-linux-gnueabi/9/crtbegin.o -L/usr/lib/gcc-cross/arm-linux-gnueabi/9 -L/usr/lib/gcc-cross/arm-linux-gnueabi/9/../../../../arm-linux-gnueabi/lib/../lib -L/lib/arm-linux-gnueabi -L/lib/../lib -L/usr/lib/arm-linux-gnueabi -L/usr/lib/../lib -L/usr/lib/gcc-cross/arm-linux-gnueabi/9/../../../../arm-linux-gnueabi/lib CMakeFiles/cmTC_9983a.dir/CMakeCXXCompilerABI.cpp.o -lstdc++ -lm -lgcc_s -lgcc -lc -lgcc_s -lgcc /usr/lib/gcc-cross/arm-linux-gnueabi/9/crtend.o /usr/lib/gcc-cross/arm-linux-gnueabi/9/../../../../arm-linux-gnueabi/lib/../lib/crtn.o
COLLECT_GCC_OPTIONS='-v' '-o' 'cmTC_9983a' '-shared-libgcc'  '-mfloat-abi=soft' '-mtls-dialect=gnu' '-marm' '-march=armv5t'
make[1]: Leaving directory '/home/mahmoud/arm_test/build/CMakeFiles/CMakeTmp'



Parsed CXX implicit include dir info from above output: rv=done
  found start of include info
  found start of implicit include info
    add: [/usr/lib/gcc-cross/arm-linux-gnueabi/9/../../../../arm-linux-gnueabi/include/c++/9]
    add: [/usr/lib/gcc-cross/arm-linux-gnueabi/9/../../../../arm-linux-gnueabi/include/c++/9/arm-linux-gnueabi]
    add: [/usr/lib/gcc-cross/arm-linux-gnueabi/9/../../../../arm-linux-gnueabi/include/c++/9/backward]
    add: [/usr/lib/gcc-cross/arm-linux-gnueabi/9/include]
    add: [/usr/lib/gcc-cross/arm-linux-gnueabi/9/../../../../arm-linux-gnueabi/include]
    add: [/usr/include]
  end of search list found
  collapse include dir [/usr/lib/gcc-cross/arm-linux-gnueabi/9/../../../../arm-linux-gnueabi/include/c++/9] ==> [/usr/arm-linux-gnueabi/include/c++/9]
  collapse include dir [/usr/lib/gcc-cross/arm-linux-gnueabi/9/../../../../arm-linux-gnueabi/include/c++/9/arm-linux-gnueabi] ==> [/usr/arm-linux-gnueabi/include/c++/9/arm-linux-gnueabi]
  collapse include dir [/usr/lib/gcc-cross/arm-linux-gnueabi/9/../../../../arm-linux-gnueabi/include/c++/9/backward] ==> [/usr/arm-linux-gnueabi/include/c++/9/backward]
  collapse include dir [/usr/lib/gcc-cross/arm-linux-gnueabi/9/include] ==> [/usr/lib/gcc-cross/arm-linux-gnueabi/9/include]
  collapse include dir [/usr/lib/gcc-cross/arm-linux-gnueabi/9/../../../../arm-linux-gnueabi/include] ==> [/usr/arm-linux-gnueabi/include]
  collapse include dir [/usr/include] ==> [/usr/include]
  implicit include dirs: [/usr/arm-linux-gnueabi/include/c++/9;/usr/arm-linux-gnueabi/include/c++/9/arm-linux-gnueabi;/usr/arm-linux-gnueabi/include/c++/9/backward;/usr/lib/gcc-cross/arm-linux-gnueabi/9/include;/usr/arm-linux-gnueabi/include;/usr/include]


Parsed CXX implicit link information from above output:
  link line regex: [^( *|.*[/\])(ld|CMAKE_LINK_STARTFILE-NOTFOUND|([^/\]+-)?ld|collect2)[^/\]*( |$)]
  ignore line: [Change Dir: /home/mahmoud/arm_test/build/CMakeFiles/CMakeTmp]
  ignore line: []
  ignore line: [Run Build Command(s):/usr/bin/make cmTC_9983a/fast && /usr/bin/make -f CMakeFiles/cmTC_9983a.dir/build.make CMakeFiles/cmTC_9983a.dir/build]
  ignore line: [make[1]: Entering directory '/home/mahmoud/arm_test/build/CMakeFiles/CMakeTmp']
  ignore line: [Building CXX object CMakeFiles/cmTC_9983a.dir/CMakeCXXCompilerABI.cpp.o]
  ignore line: [/usr/bin/arm-linux-gnueabi-g++    -v -o CMakeFiles/cmTC_9983a.dir/CMakeCXXCompilerABI.cpp.o -c /usr/share/cmake-3.16/Modules/CMakeCXXCompilerABI.cpp]
  ignore line: [Using built-in specs.]
  ignore line: [COLLECT_GCC=/usr/bin/arm-linux-gnueabi-g++]
  ignore line: [Target: arm-linux-gnueabi]
  ignore line: [Configured with: ../src/configure -v --with-pkgversion='Ubuntu 9.4.0-1ubuntu1~20.04.1' --with-bugurl=file:///usr/share/doc/gcc-9/README.Bugs --enable-languages=c ada c++ go d fortran objc obj-c++ gm2 --prefix=/usr --with-gcc-major-version-only --program-suffix=-9 --enable-shared --enable-linker-build-id --libexecdir=/usr/lib --without-included-gettext --enable-threads=posix --libdir=/usr/lib --enable-nls --with-sysroot=/ --enable-clocale=gnu --enable-libstdcxx-debug --enable-libstdcxx-time=yes --with-default-libstdcxx-abi=new --enable-gnu-unique-object --disable-libitm --disable-libquadmath --disable-libquadmath-support --enable-plugin --with-system-zlib --without-target-system-zlib --enable-libpth-m2 --enable-multiarch --enable-multilib --disable-sjlj-exceptions --with-specs='%{mfloat-abi=hard:-march=armv7-a -mcpu=generic-armv7-a -mfloat-abi=hard}' --with-arch=armv5t --with-float=soft --disable-werror --enable-multilib --enable-checking=release --build=x86_64-linux-gnu --host=x86_64-linux-gnu --target=arm-linux-gnueabi --program-prefix=arm-linux-gnueabi- --includedir=/usr/arm-linux-gnueabi/include]
  ignore line: [Thread model: posix]
  ignore line: [gcc version 9.4.0 (Ubuntu 9.4.0-1ubuntu1~20.04.1) ]
  ignore line: [COLLECT_GCC_OPTIONS='-v' '-o' 'CMakeFiles/cmTC_9983a.dir/CMakeCXXCompilerABI.cpp.o' '-c' '-shared-libgcc'  '-mfloat-abi=soft' '-mtls-dialect=gnu' '-marm' '-march=armv5t']
  ignore line: [ /usr/lib/gcc-cross/arm-linux-gnueabi/9/cc1plus -quiet -v -imultiarch arm-linux-gnueabi -D_GNU_SOURCE /usr/share/cmake-3.16/Modules/CMakeCXXCompilerABI.cpp -quiet -dumpbase CMakeCXXCompilerABI.cpp -mfloat-abi=soft -mtls-dialect=gnu -marm -march=armv5t -auxbase-strip CMakeFiles/cmTC_9983a.dir/CMakeCXXCompilerABI.cpp.o -version -fstack-protector-strong -Wformat -Wformat-security -o /tmp/ccroC0qi.s]
  ignore line: [GNU C++14 (Ubuntu 9.4.0-1ubuntu1~20.04.1) version 9.4.0 (arm-linux-gnueabi)]
  ignore line: [	compiled by GNU C version 9.4.0  GMP version 6.2.0  MPFR version 4.0.2  MPC version 1.1.0  isl version isl-0.22.1-GMP]
  ignore line: []
  ignore line: [GGC heuristics: --param ggc-min-expand=100 --param ggc-min-heapsize=131072]
  ignore line: [ignoring nonexistent directory "/usr/local/include/arm-linux-gnueabi"]
  ignore line: [ignoring nonexistent directory "/usr/lib/gcc-cross/arm-linux-gnueabi/9/include-fixed"]
  ignore line: [ignoring nonexistent directory "/usr/include/arm-linux-gnueabi"]
  ignore line: [#include "..." search starts here:]
  ignore line: [#include <...> search starts here:]
  ignore line: [ /usr/lib/gcc-cross/arm-linux-gnueabi/9/../../../../arm-linux-gnueabi/include/c++/9]
  ignore line: [ /usr/lib/gcc-cross/arm-linux-gnueabi/9/../../../../arm-linux-gnueabi/include/c++/9/arm-linux-gnueabi]
  ignore line: [ /usr/lib/gcc-cross/arm-linux-gnueabi/9/../../../../arm-linux-gnueabi/include/c++/9/backward]
  ignore line: [ /usr/lib/gcc-cross/arm-linux-gnueabi/9/include]
  ignore line: [ /usr/lib/gcc-cross/arm-linux-gnueabi/9/../../../../arm-linux-gnueabi/include]
  ignore line: [ /usr/include]
  ignore line: [End of search list.]
  ignore line: [GNU C++14 (Ubuntu 9.4.0-1ubuntu1~20.04.1) version 9.4.0 (arm-linux-gnueabi)]
  ignore line: [	compiled by GNU C version 9.4.0  GMP version 6.2.0  MPFR version 4.0.2  MPC version 1.1.0  isl version isl-0.22.1-GMP]
  ignore line: []
  ignore line: [GGC heuristics: --param ggc-min-expand=100 --param ggc-min-heapsize=131072]
  ignore line: [Compiler executable checksum: 1dd287fdaff421d7df57fad9dfe06d56]
  ignore line: [COLLECT_GCC_OPTIONS='-v' '-o' 'CMakeFiles/cmTC_9983a.dir/CMakeCXXCompilerABI.cpp.o' '-c' '-shared-libgcc'  '-mfloat-abi=soft' '-mtls-dialect=gnu' '-marm' '-march=armv5t']
  ignore line: [ /usr/lib/gcc-cross/arm-linux-gnueabi/9/../../../../arm-linux-gnueabi/bin/as -v -march=armv5t -mfloat-abi=soft -meabi=5 -o CMakeFiles/cmTC_9983a.dir/CMakeCXXCompilerABI.cpp.o /tmp/ccroC0qi.s]
  ignore line: [GNU assembler version 2.34 (arm-linux-gnueabi) using BFD version (GNU Binutils for Ubuntu) 2.34]
  ignore line: [COMPILER_PATH=/usr/lib/gcc-cross/arm-linux-gnueabi/9/:/usr/lib/gcc-cross/arm-linux-gnueabi/9/:/usr/lib/gcc-cross/arm-linux-gnueabi/:/usr/lib/gcc-cross/arm-linux-gnueabi/9/:/usr/lib/gcc-cross/arm-linux-gnueabi/:/usr/lib/gcc-cross/arm-linux-gnueabi/9/../../../../arm-linux-gnueabi/bin/]
  ignore line: [LIBRARY_PATH=/usr/lib/gcc-cross/arm-linux-gnueabi/9/:/usr/lib/gcc-cross/arm-linux-gnueabi/9/../../../../arm-linux-gnueabi/lib/../lib/:/lib/arm-linux-gnueabi/:/lib/../lib/:/usr/lib/arm-linux-gnueabi/:/usr/lib/../lib/:/usr/lib/gcc-cross/arm-linux-gnueabi/9/../../../../arm-linux-gnueabi/lib/:/lib/:/usr/lib/]
  ignore line: [COLLECT_GCC_OPTIONS='-v' '-o' 'CMakeFiles/cmTC_9983a.dir/CMakeCXXCompilerABI.cpp.o' '-c' '-shared-libgcc'  '-mfloat-abi=soft' '-mtls-dialect=gnu' '-marm' '-march=armv5t']
  ignore line: [Linking CXX executable cmTC_9983a]
  ignore line: [/usr/bin/cmake -E cmake_link_script CMakeFiles/cmTC_9983a.dir/link.txt --verbose=1]
  ignore line: [/usr/bin/arm-linux-gnueabi-g++      -v CMakeFiles/cmTC_9983a.dir/CMakeCXXCompilerABI.cpp.o  -o cmTC_9983a ]
  ignore line: [Using built-in specs.]
  ignore line: [COLLECT_GCC=/usr/bin/arm-linux-gnueabi-g++]
  ignore line: [COLLECT_LTO_WRAPPER=/usr/lib/gcc-cross/arm-linux-gnueabi/9/lto-wrapper]
  ignore line: [Target: arm-linux-gnueabi]
  ignore line: [Configured with: ../src/configure -v --with-pkgversion='Ubuntu 9.4.0-1ubuntu1~20.04.1' --with-bugurl=file:///usr/share/doc/gcc-9/README.Bugs --enable-languages=c ada c++ go d fortran objc obj-c++ gm2 --prefix=/usr --with-gcc-major-version-only --program-suffix=-9 --enable-shared --enable-linker-build-id --libexecdir=/usr/lib --without-included-gettext --enable-threads=posix --libdir=/usr/lib --enable-nls --with-sysroot=/ --enable-clocale=gnu --enable-libstdcxx-debug --enable-libstdcxx-time=yes --with-default-libstdcxx-abi=new --enable-gnu-unique-object --disable-libitm --disable-libquadmath --disable-libquadmath-support --enable-plugin --with-system-zlib --without-target-system-zlib --enable-libpth-m2 --enable-multiarch --enable-multilib --disable-sjlj-exceptions --with-specs='%{mfloat-abi=hard:-march=armv7-a -mcpu=generic-armv7-a -mfloat-abi=hard}' --with-arch=armv5t --with-float=soft --disable-werror --enable-multilib --enable-checking=release --build=x86_64-linux-gnu --host=x86_64-linux-gnu --target=arm-linux-gnueabi --program-prefix=arm-linux-gnueabi- --includedir=/usr/arm-linux-gnueabi/include]
  ignore line: [Thread model: posix]
  ignore line: [gcc version 9.4.0 (Ubuntu 9.4.0-1ubuntu1~20.04.1) ]
  ignore line: [COMPILER_PATH=/usr/lib/gcc-cross/arm-linux-gnueabi/9/:/usr/lib/gcc-cross/arm-linux-gnueabi/9/:/usr/lib/gcc-cross/arm-linux-gnueabi/:/usr/lib/gcc-cross/arm-linux-gnueabi/9/:/usr/lib/gcc-cross/arm-linux-gnueabi/:/usr/lib/gcc-cross/arm-linux-gnueabi/9/../../../../arm-linux-gnueabi/bin/]
  ignore line: [LIBRARY_PATH=/usr/lib/gcc-cross/arm-linux-gnueabi/9/:/usr/lib/gcc-cross/arm-linux-gnueabi/9/../../../../arm-linux-gnueabi/lib/../lib/:/lib/arm-linux-gnueabi/:/lib/../lib/:/usr/lib/arm-linux-gnueabi/:/usr/lib/../lib/:/usr/lib/gcc-cross/arm-linux-gnueabi/9/../../../../arm-linux-gnueabi/lib/:/lib/:/usr/lib/]
  ignore line: [COLLECT_GCC_OPTIONS='-v' '-o' 'cmTC_9983a' '-shared-libgcc'  '-mfloat-abi=soft' '-mtls-dialect=gnu' '-marm' '-march=armv5t']
  link line: [ /usr/lib/gcc-cross/arm-linux-gnueabi/9/collect2 -plugin /usr/lib/gcc-cross/arm-linux-gnueabi/9/liblto_plugin.so -plugin-opt=/usr/lib/gcc-cross/arm-linux-gnueabi/9/lto-wrapper -plugin-opt=-fresolution=/tmp/ccoHm2MK.res -plugin-opt=-pass-through=-lgcc_s -plugin-opt=-pass-through=-lgcc -plugin-opt=-pass-through=-lc -plugin-opt=-pass-through=-lgcc_s -plugin-opt=-pass-through=-lgcc --sysroot=/ --build-id --eh-frame-hdr -dynamic-linker /lib/ld-linux.so.3 -X --hash-style=gnu --as-needed -m armelf_linux_eabi -z relro -o cmTC_9983a /usr/lib/gcc-cross/arm-linux-gnueabi/9/../../../../arm-linux-gnueabi/lib/../lib/crt1.o /usr/lib/gcc-cross/arm-linux-gnueabi/9/../../../../arm-linux-gnueabi/lib/../lib/crti.o /usr/lib/gcc-cross/arm-linux-gnueabi/9/crtbegin.o -L/usr/lib/gcc-cross/arm-linux-gnueabi/9 -L/usr/lib/gcc-cross/arm-linux-gnueabi/9/../../../../arm-linux-gnueabi/lib/../lib -L/lib/arm-linux-gnueabi -L/lib/../lib -L/usr/lib/arm-linux-gnueabi -L/usr/lib/../lib -L/usr/lib/gcc-cross/arm-linux-gnueabi/9/../../../../arm-linux-gnueabi/lib CMakeFiles/cmTC_9983a.dir/CMakeCXXCompilerABI.cpp.o -lstdc++ -lm -lgcc_s -lgcc -lc -lgcc_s -lgcc /usr/lib/gcc-cross/arm-linux-gnueabi/9/crtend.o /usr/lib/gcc-cross/arm-linux-gnueabi/9/../../../../arm-linux-gnueabi/lib/../lib/crtn.o]
    arg [/usr/lib/gcc-cross/arm-linux-gnueabi/9/collect2] ==> ignore
    arg [-plugin] ==> ignore
    arg [/usr/lib/gcc-cross/arm-linux-gnueabi/9/liblto_plugin.so] ==> ignore
    arg [-plugin-opt=/usr/lib/gcc-cross/arm-linux-gnueabi/9/lto-wrapper] ==> ignore
    arg [-plugin-opt=-fresolution=/tmp/ccoHm2MK.res] ==> ignore
    arg [-plugin-opt=-pass-through=-lgcc_s] ==> ignore
    arg [-plugin-opt=-pass-through=-lgcc] ==> ignore
    arg [-plugin-opt=-pass-through=-lc] ==> ignore
    arg [-plugin-opt=-pass-through=-lgcc_s] ==> ignore
    arg [-plugin-opt=-pass-through=-lgcc] ==> ignore
    arg [--sysroot=/] ==> ignore
    arg [--build-id] ==> ignore
    arg [--eh-frame-hdr] ==> ignore
    arg [-dynamic-linker] ==> ignore
    arg [/lib/ld-linux.so.3] ==> ignore
    arg [-X] ==> ignore
    arg [--hash-style=gnu] ==> ignore
    arg [--as-needed] ==> ignore
    arg [-m] ==> ignore
    arg [armelf_linux_eabi] ==> ignore
    arg [-zrelro] ==> ignore
    arg [-o] ==> ignore
    arg [cmTC_9983a] ==> ignore
    arg [/usr/lib/gcc-cross/arm-linux-gnueabi/9/../../../../arm-linux-gnueabi/lib/../lib/crt1.o] ==> ignore
    arg [/usr/lib/gcc-cross/arm-linux-gnueabi/9/../../../../arm-linux-gnueabi/lib/../lib/crti.o] ==> ignore
    arg [/usr/lib/gcc-cross/arm-linux-gnueabi/9/crtbegin.o] ==> ignore
    arg [-L/usr/lib/gcc-cross/arm-linux-gnueabi/9] ==> dir [/usr/lib/gcc-cross/arm-linux-gnueabi/9]
    arg [-L/usr/lib/gcc-cross/arm-linux-gnueabi/9/../../../../arm-linux-gnueabi/lib/../lib] ==> dir [/usr/lib/gcc-cross/arm-linux-gnueabi/9/../../../../arm-linux-gnueabi/lib/../lib]
    arg [-L/lib/arm-linux-gnueabi] ==> dir [/lib/arm-linux-gnueabi]
    arg [-L/lib/../lib] ==> dir [/lib/../lib]
    arg [-L/usr/lib/arm-linux-gnueabi] ==> dir [/usr/lib/arm-linux-gnueabi]
    arg [-L/usr/lib/../lib] ==> dir [/usr/lib/../lib]
    arg [-L/usr/lib/gcc-cross/arm-linux-gnueabi/9/../../../../arm-linux-gnueabi/lib] ==> dir [/usr/lib/gcc-cross/arm-linux-gnueabi/9/../../../../arm-linux-gnueabi/lib]
    arg [CMakeFiles/cmTC_9983a.dir/CMakeCXXCompilerABI.cpp.o] ==> ignore
    arg [-lstdc++] ==> lib [stdc++]
    arg [-lm] ==> lib [m]
    arg [-lgcc_s] ==> lib [gcc_s]
    arg [-lgcc] ==> lib [gcc]
    arg [-lc] ==> lib [c]
    arg [-lgcc_s] ==> lib [gcc_s]
    arg [-lgcc] ==> lib [gcc]
    arg [/usr/lib/gcc-cross/arm-linux-gnueabi/9/crtend.o] ==> ignore
    arg [/usr/lib/gcc-cross/arm-linux-gnueabi/9/../../../../arm-linux-gnueabi/lib/../lib/crtn.o] ==> ignore
  collapse library dir [/usr/lib/gcc-cross/arm-linux-gnueabi/9] ==> [/usr/lib/gcc-cross/arm-linux-gnueabi/9]
  collapse library dir [/usr/lib/gcc-cross/arm-linux-gnueabi/9/../../../../arm-linux-gnueabi/lib/../lib] ==> [/usr/arm-linux-gnueabi/lib]
  collapse library dir [/lib/arm-linux-gnueabi] ==> [/lib/arm-linux-gnueabi]
  collapse library dir [/lib/../lib] ==> [/lib]
  collapse library dir [/usr/lib/arm-linux-gnueabi] ==> [/usr/lib/arm-linux-gnueabi]
  collapse library dir [/usr/lib/../lib] ==> [/usr/lib]
  collapse library dir [/usr/lib/gcc-cross/arm-linux-gnueabi/9/../../../../arm-linux-gnueabi/lib] ==> [/usr/arm-linux-gnueabi/lib]
  implicit libs: [stdc++;m;gcc_s;gcc;c;gcc_s;gcc]
  implicit dirs: [/usr/lib/gcc-cross/arm-linux-gnueabi/9;/usr/arm-linux-gnueabi/lib;/lib/arm-linux-gnueabi;/lib;/usr/lib/arm-linux-gnueabi;/usr/lib]
  implicit fwks: []


